Arguments: 
  /home/goksen/.local/share/fnm/node-versions/v16.18.1/installation/bin/node /mnt/wslg/runtime-dir/fnm_multishells/12778_1670766552490/bin/yarn

PATH: 
  /home/goksen/.local/share/solana/install/active_release/bin:/home/goksen/.local/share/solana/install/active_release/bin:/mnt/wslg/runtime-dir/fnm_multishells/12778_1670766552490/bin:/home/goksen/.cargo/bin:/home/goksen/.cargo/bin:/home/goksen/.vscode-server/bin/5235c6bb189b60b01b1f49062f4ffa42384f8c91/bin/remote-cli:/home/goksen/.local/share/solana/install/active_release/bin:/home/goksen/.local/share/solana/install/active_release/bin:/mnt/wslg/runtime-dir/fnm_multishells/12026_1670766220788/bin:/home/goksen/.cargo/bin:/home/goksen/.cargo/bin:/home/goksen/.cargo/bin:/usr/local/sbin:/usr/local/bin:/usr/sbin:/usr/bin:/sbin:/bin:/usr/games:/usr/local/games:/usr/lib/wsl/lib:/mnt/c/Windows/system32:/mnt/c/Windows:/mnt/c/Windows/System32/Wbem:/mnt/c/Windows/System32/WindowsPowerShell/v1.0/:/mnt/c/Windows/System32/OpenSSH/:/mnt/c/Program Files/NVIDIA Corporation/NVIDIA NvDLISR:/mnt/c/Program Files/Git/cmd:/mnt/c/WINDOWS/system32:/mnt/c/WINDOWS:/mnt/c/WINDOWS/System32/Wbem:/mnt/c/WINDOWS/System32/WindowsPowerShell/v1.0/:/mnt/c/WINDOWS/System32/OpenSSH/:/mnt/c/Program Files/nodejs/:/mnt/c/Users/Gökşen/AppData/Local/Microsoft/WindowsApps:/mnt/c/Users/Gökşen/AppData/Local/Programs/Microsoft VS Code/bin:/mnt/c/Users/Gökşen/AppData/Roaming/npm

Yarn version: 
  1.22.19

Node version: 
  16.18.1

Platform: 
  linux x64

Trace: 
  Error: https://registry.yarnpkg.com/@project-serum%2fanchor: ETIMEDOUT
      at Timeout._onTimeout (/home/goksen/.local/share/fnm/node-versions/v16.18.1/installation/lib/node_modules/yarn/lib/cli.js:141550:19)
      at listOnTimeout (node:internal/timers:559:17)
      at processTimers (node:internal/timers:502:7)

npm manifest: 
  {
      "scripts": {
          "lint:fix": "prettier */*.js \"*/**/*{.js,.ts}\" -w",
          "lint": "prettier */*.js \"*/**/*{.js,.ts}\" --check"
      },
      "dependencies": {
          "@project-serum/anchor": "^0.25.0"
      },
      "devDependencies": {
          "chai": "^4.3.4",
          "mocha": "^9.0.3",
          "ts-mocha": "^10.0.0",
          "@types/bn.js": "^5.1.0",
          "@types/chai": "^4.3.0",
          "@types/mocha": "^9.0.0",
          "typescript": "^4.3.5",
          "prettier": "^2.6.2"
      }
  }

yarn manifest: 
  No manifest

Lockfile: 
  No lockfile
